 +++YLI: dfftw_plan_dft_c2r_3d(plan_c2r,nx,ny,nz,Cbuf,Rbuf,FFTW_ESTIMATE)
 +++YLI: dfftw_plan_dft_r2c_3d(plan_r2c,nx,ny,nz,Rbuf,Cbuf,FFTW_ESTIMATE)
 
  ======================================== 
  Debugging turbulent values               
  ---------------------------------------- 
  -Spectrum type ----------> Von Karman-Pao
  -Turbulent Reynolds 
    Re_t -------->    109.136363636364     
  -Turbulent kinetic energy 
    k ----------->    7350.00000000000     
  -Turbulent dissipation rate 
    epsilon ----->    1000000.00000000     
  -Size of the biggest eddy 
    l_t --------->   0.343000000000000     
    C1 ---------->    5.83090379008746     
  -Eddy turn over time 
    tau --------->   7.350000000000000E-003
  -Kolmogorov scale 
    l_k --------->   1.015820588077026E-002
    C2 ---------->    1.30025035273859     
  -Kolmogorov time scale 
    tau_k ------->   4.690415759823429E-004
  -Reynolds lambda 
    Re_lambda --->    40.4604183683938     
  ======================================== 
 
 
 
  ======================================== 
  Debugging turbulent values given by      
  the generated field                      
  ---------------------------------------- 
  -Turbulent velocity 
    up --------->    69.7156862913370     
  -Turbulent kinetic energy 
    k ---------->    7290.41537260817     
  -Cross correlations
    <upvp> ----->   -24.2590011503555     
    <upwp> ----->    3.96985612236936     
    <vpwp> ----->    23.9929399764223     
  -Velocity min, max and mean
    u_min ------>   -335.352787607510     
    u_mean ----->  -1.028010514984423E-014
    u_max ------>    340.201218739016     
    |u|_min ---->   9.044354477794059E-006
    v_min ------>   -358.805463304438     
    v_mean ----->   4.569400040906491E-014
    v_max ------>    368.931415330659     
    |v|_min ---->   3.566650747188760E-006
    w_min ------>   -334.582571958690     
    w_mean ----->  -3.510273940011271E-017
    w_max ------>    344.407459891629     
    |w|_min ---->   5.373322196078334E-007
  -Average divergence -1 order
    Div_b ------>   0.983277947730219     
  -Maximum divergence
    Div_max ---->    6.39186036581391     
  ======================================== 
 
 
 +++YLI: call WHATEVER_data
 +++YLI: param_write_config(simulation)
 +++YLI: param_write_data
 +++YLI: filename isdata_Fuel.out
 +++YLI: param_write_optdata
 +++YLI: param_write_inflow
 +++YLI: param_write_chemtable
 +++YLI: param_write_IB
