 +++YLI: dfftw_plan_dft_c2r_3d(plan_c2r,nx,ny,nz,Cbuf,Rbuf,FFTW_ESTIMATE)
 +++YLI: dfftw_plan_dft_r2c_3d(plan_r2c,nx,ny,nz,Rbuf,Cbuf,FFTW_ESTIMATE)
 
  ======================================== 
  Debugging turbulent values               
  ---------------------------------------- 
  -Spectrum type ----------> Von Karman-Pao
  -Turbulent Reynolds 
    Re_t -------->    21.8272727272727     
  -Turbulent kinetic energy 
    k ----------->    7350.00000000000     
  -Turbulent dissipation rate 
    epsilon ----->    1000000.00000000     
  -Size of the biggest eddy 
    l_t --------->   0.343000000000000     
    C1 ---------->    5.83090379008746     
  -Eddy turn over time 
    tau --------->   7.350000000000000E-003
  -Kolmogorov scale 
    l_k --------->   3.396600849359793E-002
    C2 ---------->    4.34764908718054     
  -Kolmogorov time scale 
    tau_k ------->   1.048808848170152E-003
  -Reynolds lambda 
    Re_lambda --->    18.0944491739619     
  ======================================== 
 
 
 
  ======================================== 
  Debugging turbulent values given by      
  the generated field                      
  ---------------------------------------- 
  -Turbulent velocity 
    up --------->    69.7191172018514     
  -Turbulent kinetic energy 
    k ---------->    7291.13295510825     
  -Cross correlations
    <upvp> ----->    23.1025929127214     
    <upwp> ----->   -13.0595855905401     
    <vpwp> ----->    22.4031651872757     
  -Velocity min, max and mean
    u_min ------>   -323.448251528379     
    u_mean ----->  -1.144314279631306E-014
    u_max ------>    357.381603754413     
    |u|_min ---->   7.342970024803996E-006
    v_min ------>   -345.304513191767     
    v_mean ----->   4.581363618956806E-014
    v_max ------>    346.010158162921     
    |v|_min ---->   1.060659722540436E-005
    w_min ------>   -353.628631350096     
    w_mean ----->   5.220314875905088E-016
    w_max ------>    348.705406394428     
    |w|_min ---->   3.308239104882205E-006
  -Average divergence -1 order
    Div_b ------>   0.984502666057222     
  -Maximum divergence
    Div_max ---->    6.88346844061645     
  ======================================== 
 
 
 +++YLI: call WHATEVER_data
 +++YLI: param_write_config(simulation)
 +++YLI: param_write_data
 +++YLI: filename isdata_Oxid.out
 +++YLI: param_write_optdata
 +++YLI: param_write_inflow
 +++YLI: param_write_chemtable
 +++YLI: param_write_IB
